2025-12-06T14:12:04.630+01:00  INFO 13704 --- [buceo] [main] c.buceo.inmersion.InmersionApplication   : Starting InmersionApplication using Java 21.0.4 with PID 13704 (C:\DWESE\Trimestre_1\Practica\inmersion\target\classes started by Marcos in C:\DWESE\Trimestre_1\Practica\inmersion)
2025-12-06T14:12:04.646+01:00  INFO 13704 --- [buceo] [main] c.buceo.inmersion.InmersionApplication   : No active profile set, falling back to 1 default profile: "default"
2025-12-06T14:12:06.116+01:00  INFO 13704 --- [buceo] [main] .s.d.r.c.RepositoryConfigurationDelegate : Bootstrapping Spring Data JPA repositories in DEFAULT mode.
2025-12-06T14:12:06.246+01:00  INFO 13704 --- [buceo] [main] .s.d.r.c.RepositoryConfigurationDelegate : Finished Spring Data repository scanning in 108 ms. Found 9 JPA repository interfaces.
2025-12-06T14:12:07.311+01:00  INFO 13704 --- [buceo] [main] o.s.boot.tomcat.TomcatWebServer          : Tomcat initialized with port 8080 (http)
2025-12-06T14:12:07.328+01:00  INFO 13704 --- [buceo] [main] o.apache.catalina.core.StandardService   : Starting service [Tomcat]
2025-12-06T14:12:07.329+01:00  INFO 13704 --- [buceo] [main] o.apache.catalina.core.StandardEngine    : Starting Servlet engine: [Apache Tomcat/11.0.14]
2025-12-06T14:12:07.403+01:00  INFO 13704 --- [buceo] [main] b.w.c.s.WebApplicationContextInitializer : Root WebApplicationContext: initialization completed in 2678 ms
2025-12-06T14:12:07.875+01:00  INFO 13704 --- [buceo] [main] o.hibernate.jpa.internal.util.LogHelper  : HHH000204: Processing PersistenceUnitInfo [name: default]
2025-12-06T14:12:07.967+01:00  INFO 13704 --- [buceo] [main] org.hibernate.Version                    : HHH000412: Hibernate ORM core version 7.1.8.Final
2025-12-06T14:12:08.736+01:00  INFO 13704 --- [buceo] [main] o.s.o.j.p.SpringPersistenceUnitInfo      : No LoadTimeWeaver setup: ignoring JPA class transformer
2025-12-06T14:12:08.788+01:00  INFO 13704 --- [buceo] [main] com.zaxxer.hikari.HikariDataSource       : HikariPool-1 - Starting...
2025-12-06T14:12:09.328+01:00  INFO 13704 --- [buceo] [main] com.zaxxer.hikari.pool.HikariPool        : HikariPool-1 - Added connection com.mysql.cj.jdbc.ConnectionImpl@391e5ffa
2025-12-06T14:12:09.332+01:00  INFO 13704 --- [buceo] [main] com.zaxxer.hikari.HikariDataSource       : HikariPool-1 - Start completed.
2025-12-06T14:12:09.444+01:00  WARN 13704 --- [buceo] [main] org.hibernate.orm.deprecation            : HHH90000025: MySQLDialect does not need to be specified explicitly using 'hibernate.dialect' (remove the property setting and it will be selected by default)
2025-12-06T14:12:09.508+01:00  INFO 13704 --- [buceo] [main] org.hibernate.orm.connections.pooling    : HHH10001005: Database info:
	Database JDBC URL [jdbc:mysql://localhost:3306/buceo]
	Database driver: MySQL Connector/J
	Database dialect: MySQLDialect
	Database version: 8.0.41
	Default catalog/schema: buceo/undefined
	Autocommit mode: undefined/unknown
	Isolation level: REPEATABLE_READ [default REPEATABLE_READ]
	JDBC fetch size: none
	Pool: DatasourceConnectionProviderImpl
	Minimum pool size: undefined/unknown
	Maximum pool size: undefined/unknown
2025-12-06T14:12:11.217+01:00  INFO 13704 --- [buceo] [main] o.h.e.t.j.p.i.JtaPlatformInitiator       : HHH000489: No JTA platform available (set 'hibernate.transaction.jta.platform' to enable JTA platform integration)
2025-12-06T14:12:11.440+01:00  INFO 13704 --- [buceo] [main] j.LocalContainerEntityManagerFactoryBean : Initialized JPA EntityManagerFactory for persistence unit 'default'
2025-12-06T14:12:11.581+01:00  INFO 13704 --- [buceo] [main] o.s.d.j.r.query.QueryEnhancerFactories   : Hibernate is in classpath; If applicable, HQL parser will be used.
2025-12-06T14:12:11.915+01:00  WARN 13704 --- [buceo] [main] JpaBaseConfiguration$JpaWebConfiguration : spring.jpa.open-in-view is enabled by default. Therefore, database queries may be performed during view rendering. Explicitly configure spring.jpa.open-in-view to disable this warning
2025-12-06T14:12:12.020+01:00  INFO 13704 --- [buceo] [main] o.s.b.w.a.WelcomePageHandlerMapping      : Adding welcome page template: index
2025-12-06T14:12:12.868+01:00  INFO 13704 --- [buceo] [main] o.s.b.a.e.web.EndpointLinksResolver      : Exposing 1 endpoint beneath base path '/actuator'
2025-12-06T14:12:13.003+01:00  INFO 13704 --- [buceo] [main] o.s.boot.tomcat.TomcatWebServer          : Tomcat started on port 8080 (http) with context path '/'
2025-12-06T14:12:13.019+01:00  INFO 13704 --- [buceo] [main] c.buceo.inmersion.InmersionApplication   : Started InmersionApplication in 9.039 seconds (process running for 9.987)
2025-12-06T14:12:13.236+01:00  INFO 13704 --- [buceo] [RMI TCP Connection(2)-127.0.0.1] o.a.c.c.C.[Tomcat].[localhost].[/]       : Initializing Spring DispatcherServlet 'dispatcherServlet'
2025-12-06T14:12:13.237+01:00  INFO 13704 --- [buceo] [RMI TCP Connection(2)-127.0.0.1] o.s.web.servlet.DispatcherServlet        : Initializing Servlet 'dispatcherServlet'
2025-12-06T14:12:13.239+01:00  INFO 13704 --- [buceo] [RMI TCP Connection(2)-127.0.0.1] o.s.web.servlet.DispatcherServlet        : Completed initialization in 1 ms
2025-12-06T15:00:55.217+01:00  INFO 20712 --- [buceo] [main] c.buceo.inmersion.InmersionApplication   : Starting InmersionApplication using Java 21.0.4 with PID 20712 (C:\DWESE\Trimestre_1\Practica\inmersion\target\classes started by Marcos in C:\DWESE\Trimestre_1\Practica\inmersion)
2025-12-06T15:00:55.223+01:00  INFO 20712 --- [buceo] [main] c.buceo.inmersion.InmersionApplication   : No active profile set, falling back to 1 default profile: "default"
2025-12-06T15:00:56.699+01:00  INFO 20712 --- [buceo] [main] .s.d.r.c.RepositoryConfigurationDelegate : Bootstrapping Spring Data JPA repositories in DEFAULT mode.
2025-12-06T15:00:56.827+01:00  INFO 20712 --- [buceo] [main] .s.d.r.c.RepositoryConfigurationDelegate : Finished Spring Data repository scanning in 109 ms. Found 9 JPA repository interfaces.
2025-12-06T15:00:57.795+01:00  INFO 20712 --- [buceo] [main] o.s.boot.tomcat.TomcatWebServer          : Tomcat initialized with port 8080 (http)
2025-12-06T15:00:57.826+01:00  INFO 20712 --- [buceo] [main] o.apache.catalina.core.StandardService   : Starting service [Tomcat]
2025-12-06T15:00:57.827+01:00  INFO 20712 --- [buceo] [main] o.apache.catalina.core.StandardEngine    : Starting Servlet engine: [Apache Tomcat/11.0.14]
2025-12-06T15:00:57.899+01:00  INFO 20712 --- [buceo] [main] b.w.c.s.WebApplicationContextInitializer : Root WebApplicationContext: initialization completed in 2583 ms
2025-12-06T15:00:58.370+01:00  INFO 20712 --- [buceo] [main] o.hibernate.jpa.internal.util.LogHelper  : HHH000204: Processing PersistenceUnitInfo [name: default]
2025-12-06T15:00:58.463+01:00  INFO 20712 --- [buceo] [main] org.hibernate.Version                    : HHH000412: Hibernate ORM core version 7.1.8.Final
2025-12-06T15:00:59.447+01:00  INFO 20712 --- [buceo] [main] o.s.o.j.p.SpringPersistenceUnitInfo      : No LoadTimeWeaver setup: ignoring JPA class transformer
2025-12-06T15:00:59.499+01:00  INFO 20712 --- [buceo] [main] com.zaxxer.hikari.HikariDataSource       : HikariPool-1 - Starting...
2025-12-06T15:01:00.170+01:00  INFO 20712 --- [buceo] [main] com.zaxxer.hikari.pool.HikariPool        : HikariPool-1 - Added connection com.mysql.cj.jdbc.ConnectionImpl@27a6384b
2025-12-06T15:01:00.172+01:00  INFO 20712 --- [buceo] [main] com.zaxxer.hikari.HikariDataSource       : HikariPool-1 - Start completed.
2025-12-06T15:01:00.301+01:00  WARN 20712 --- [buceo] [main] org.hibernate.orm.deprecation            : HHH90000025: MySQLDialect does not need to be specified explicitly using 'hibernate.dialect' (remove the property setting and it will be selected by default)
2025-12-06T15:01:00.335+01:00  INFO 20712 --- [buceo] [main] org.hibernate.orm.connections.pooling    : HHH10001005: Database info:
	Database JDBC URL [jdbc:mysql://localhost:3306/buceo]
	Database driver: MySQL Connector/J
	Database dialect: MySQLDialect
	Database version: 8.0.41
	Default catalog/schema: buceo/undefined
	Autocommit mode: undefined/unknown
	Isolation level: REPEATABLE_READ [default REPEATABLE_READ]
	JDBC fetch size: none
	Pool: DatasourceConnectionProviderImpl
	Minimum pool size: undefined/unknown
	Maximum pool size: undefined/unknown
2025-12-06T15:01:02.062+01:00  INFO 20712 --- [buceo] [main] o.h.e.t.j.p.i.JtaPlatformInitiator       : HHH000489: No JTA platform available (set 'hibernate.transaction.jta.platform' to enable JTA platform integration)
2025-12-06T15:01:02.290+01:00  INFO 20712 --- [buceo] [main] j.LocalContainerEntityManagerFactoryBean : Initialized JPA EntityManagerFactory for persistence unit 'default'
2025-12-06T15:01:02.528+01:00  INFO 20712 --- [buceo] [main] o.s.d.j.r.query.QueryEnhancerFactories   : Hibernate is in classpath; If applicable, HQL parser will be used.
2025-12-06T15:01:02.892+01:00  WARN 20712 --- [buceo] [main] JpaBaseConfiguration$JpaWebConfiguration : spring.jpa.open-in-view is enabled by default. Therefore, database queries may be performed during view rendering. Explicitly configure spring.jpa.open-in-view to disable this warning
2025-12-06T15:01:02.948+01:00  INFO 20712 --- [buceo] [main] o.s.b.w.a.WelcomePageHandlerMapping      : Adding welcome page template: index
2025-12-06T15:01:03.945+01:00  INFO 20712 --- [buceo] [main] o.s.b.a.e.web.EndpointLinksResolver      : Exposing 1 endpoint beneath base path '/actuator'
2025-12-06T15:01:04.062+01:00  INFO 20712 --- [buceo] [main] o.s.boot.tomcat.TomcatWebServer          : Tomcat started on port 8080 (http) with context path '/'
2025-12-06T15:01:04.073+01:00  INFO 20712 --- [buceo] [main] c.buceo.inmersion.InmersionApplication   : Started InmersionApplication in 9.604 seconds (process running for 10.851)
2025-12-06T15:01:06.620+01:00  INFO 20712 --- [buceo] [RMI TCP Connection(2)-127.0.0.1] o.a.c.c.C.[Tomcat].[localhost].[/]       : Initializing Spring DispatcherServlet 'dispatcherServlet'
2025-12-06T15:01:06.621+01:00  INFO 20712 --- [buceo] [RMI TCP Connection(2)-127.0.0.1] o.s.web.servlet.DispatcherServlet        : Initializing Servlet 'dispatcherServlet'
2025-12-06T15:01:06.624+01:00  INFO 20712 --- [buceo] [RMI TCP Connection(2)-127.0.0.1] o.s.web.servlet.DispatcherServlet        : Completed initialization in 2 ms
